[0.000000] (-) TimerEvent: {}
[0.000222] (my_cpp_pkg) JobQueued: {'identifier': 'my_cpp_pkg', 'dependencies': OrderedDict()}
[0.000253] (my_py_pkg) JobQueued: {'identifier': 'my_py_pkg', 'dependencies': OrderedDict()}
[0.000271] (my_cpp_pkg) JobStarted: {'identifier': 'my_cpp_pkg'}
[0.016779] (my_py_pkg) JobStarted: {'identifier': 'my_py_pkg'}
[0.025581] (my_cpp_pkg) JobProgress: {'identifier': 'my_cpp_pkg', 'progress': 'cmake'}
[0.026096] (my_cpp_pkg) Command: {'cmd': ['/usr/bin/cmake', '/home/ros2_ws/src/my_cpp_pkg', '-DCMAKE_INSTALL_PREFIX=/home/ros2_ws/install/my_cpp_pkg'], 'cwd': '/home/ros2_ws/build/my_cpp_pkg', 'env': OrderedDict([('LESSOPEN', '| /usr/bin/lesspipe %s'), ('USER', 'root'), ('SSH_CLIENT', '127.0.0.1 45928 22005'), ('SHLVL', '1'), ('LD_LIBRARY_PATH', '/opt/ros/humble/opt/rviz_ogre_vendor/lib:/opt/ros/humble/lib/x86_64-linux-gnu:/opt/ros/humble/lib'), ('HOME', '/root'), ('OLDPWD', '/home'), ('SSH_TTY', '/dev/pts/3'), ('ROS_PYTHON_VERSION', '3'), ('WSL_DISTRO_NAME', 'Ubuntu-22.04'), ('WAYLAND_DISPLAY', 'wayland-0'), ('ROS_DISTRO', 'humble'), ('LOGNAME', 'root'), ('NAME', 'DESKTOP-FUPJPMS'), ('WSL_INTEROP', '/run/WSL/107_interop'), ('PULSE_SERVER', 'unix:/mnt/wslg/PulseServer'), ('_', '/usr/bin/colcon'), ('ROS_VERSION', '2'), ('TERM', 'xterm-256color'), ('LIBGL_ALWAYS_INDIRECT', '1'), ('ROS_LOCALHOST_ONLY', '0'), ('PATH', '/opt/ros/humble/bin:/usr/local/sbin:/usr/local/bin:/usr/sbin:/usr/bin:/sbin:/bin:/usr/games:/usr/local/games:/usr/lib/wsl/lib:/mnt/c/Program Files/WindowsApps/MicrosoftCorporationII.WindowsSubsystemForLinux_1.2.5.0_x64__8wekyb3d8bbwe:/mnt/c/Users/ADMINI~1/AppData/Roaming/MobaXterm/slash/bin:/mnt/c/Windows/:/mnt/c/Windows/system32/:/mnt/c/ProgramData/Oracle/Java/javapath:/mnt/c/Windows/system32:/mnt/c/Windows:/mnt/c/Windows/System32/Wbem:/mnt/c/Windows/System32/WindowsPowerShell/v1.0/:/mnt/c/Program Files (x86)/Intel/Intel(R) Management Engine Components/DAL:/mnt/c/Program Files/Intel/Intel(R) Management Engine Components/DAL:/mnt/c/Program Files/Git/cmd:/mnt/c/Program Files/nodejs/:/mnt/c/Program Files/Docker/Docker/resources/bin:/mnt/c/Users/Administrator/AppData/Local/Programs/Python/Python310/Scripts/:/mnt/c/Users/Administrator/AppData/Local/Programs/Python/Python310/:/mnt/c/Users/Administrator/AppData/Local/Microsoft/WindowsApps:/mnt/c/Program Files/JetBrains/IntelliJ IDEA Community Edition 2022.3.2/bin:/mnt/c/Users/Administrator/AppData/Roaming/npm:/mnt/c/Program Files/ffmpeg-2023-03-05-git-912ac82a3c-full_build/bin:/mnt/c/Users/Administrator/AppData/Local/Programs/Microsoft VS Code/bin:/mnt/c/Users/Administrator/.jdks/openjdk-19.0.2/bin:/mnt/c/Program Files/Maven/apache-maven-3.9.1/bin:/mnt/c/Program Files/JetBrains/IntelliJ IDEA Community Edition 2022.3.2/bin:/mnt/c/Program Files/MongoDB/Server/6.0/bin:/mnt/c/Windows/sysnative/:/snap/bin'), ('XDG_RUNTIME_DIR', '/mnt/wslg/runtime-dir'), ('DISPLAY', 'localhost:11.0'), ('LANG', 'en_US.UTF-8'), ('LS_COLORS', 'rs=0:di=01;34:ln=01;36:mh=00:pi=40;33:so=01;35:do=01;35:bd=40;33;01:cd=40;33;01:or=40;31;01:mi=00:su=37;41:sg=30;43:ca=30;41:tw=30;42:ow=34;42:st=37;44:ex=01;32:*.tar=01;31:*.tgz=01;31:*.arc=01;31:*.arj=01;31:*.taz=01;31:*.lha=01;31:*.lz4=01;31:*.lzh=01;31:*.lzma=01;31:*.tlz=01;31:*.txz=01;31:*.tzo=01;31:*.t7z=01;31:*.zip=01;31:*.z=01;31:*.dz=01;31:*.gz=01;31:*.lrz=01;31:*.lz=01;31:*.lzo=01;31:*.xz=01;31:*.zst=01;31:*.tzst=01;31:*.bz2=01;31:*.bz=01;31:*.tbz=01;31:*.tbz2=01;31:*.tz=01;31:*.deb=01;31:*.rpm=01;31:*.jar=01;31:*.war=01;31:*.ear=01;31:*.sar=01;31:*.rar=01;31:*.alz=01;31:*.ace=01;31:*.zoo=01;31:*.cpio=01;31:*.7z=01;31:*.rz=01;31:*.cab=01;31:*.wim=01;31:*.swm=01;31:*.dwm=01;31:*.esd=01;31:*.jpg=01;35:*.jpeg=01;35:*.mjpg=01;35:*.mjpeg=01;35:*.gif=01;35:*.bmp=01;35:*.pbm=01;35:*.pgm=01;35:*.ppm=01;35:*.tga=01;35:*.xbm=01;35:*.xpm=01;35:*.tif=01;35:*.tiff=01;35:*.png=01;35:*.svg=01;35:*.svgz=01;35:*.mng=01;35:*.pcx=01;35:*.mov=01;35:*.mpg=01;35:*.mpeg=01;35:*.m2v=01;35:*.mkv=01;35:*.webm=01;35:*.webp=01;35:*.ogm=01;35:*.mp4=01;35:*.m4v=01;35:*.mp4v=01;35:*.vob=01;35:*.qt=01;35:*.nuv=01;35:*.wmv=01;35:*.asf=01;35:*.rm=01;35:*.rmvb=01;35:*.flc=01;35:*.avi=01;35:*.fli=01;35:*.flv=01;35:*.gl=01;35:*.dl=01;35:*.xcf=01;35:*.xwd=01;35:*.yuv=01;35:*.cgm=01;35:*.emf=01;35:*.ogv=01;35:*.ogx=01;35:*.aac=00;36:*.au=00;36:*.flac=00;36:*.m4a=00;36:*.mid=00;36:*.midi=00;36:*.mka=00;36:*.mp3=00;36:*.mpc=00;36:*.ogg=00;36:*.ra=00;36:*.wav=00;36:*.oga=00;36:*.opus=00;36:*.spx=00;36:*.xspf=00;36:'), ('AMENT_PREFIX_PATH', '/opt/ros/humble'), ('SHELL', '/bin/bash'), ('LESSCLOSE', '/usr/bin/lesspipe %s %s'), ('PWD', '/home/ros2_ws/build/my_cpp_pkg'), ('SSH_CONNECTION', '127.0.0.1 45928 127.0.0.1 22005'), ('XDG_DATA_DIRS', '/usr/local/share:/usr/share:/var/lib/snapd/desktop'), ('PYTHONPATH', '/opt/ros/humble/lib/python3.10/site-packages:/opt/ros/humble/local/lib/python3.10/dist-packages'), ('COLCON', '1'), ('WSL2_GUI_APPS_ENABLED', '1'), ('HOSTTYPE', 'x86_64'), ('WSLENV', ''), ('CMAKE_PREFIX_PATH', '/opt/ros/humble')]), 'shell': False}
[0.099098] (-) TimerEvent: {}
[0.199368] (-) TimerEvent: {}
[0.299632] (-) TimerEvent: {}
[0.380392] (my_cpp_pkg) StdoutLine: {'line': b'-- The C compiler identification is GNU 11.3.0\n'}
[0.399749] (-) TimerEvent: {}
[0.500134] (-) TimerEvent: {}
[0.600450] (-) TimerEvent: {}
[0.696126] (my_py_pkg) Command: {'cmd': ['/usr/bin/python3', 'setup.py', 'egg_info', '--egg-base', '../../build/my_py_pkg', 'build', '--build-base', '/home/ros2_ws/build/my_py_pkg/build', 'install', '--record', '/home/ros2_ws/build/my_py_pkg/install.log', '--single-version-externally-managed'], 'cwd': '/home/ros2_ws/src/my_py_pkg', 'env': {'LESSOPEN': '| /usr/bin/lesspipe %s', 'USER': 'root', 'SSH_CLIENT': '127.0.0.1 45928 22005', 'SHLVL': '1', 'LD_LIBRARY_PATH': '/opt/ros/humble/opt/rviz_ogre_vendor/lib:/opt/ros/humble/lib/x86_64-linux-gnu:/opt/ros/humble/lib', 'HOME': '/root', 'OLDPWD': '/home', 'SSH_TTY': '/dev/pts/3', 'ROS_PYTHON_VERSION': '3', 'WSL_DISTRO_NAME': 'Ubuntu-22.04', 'WAYLAND_DISPLAY': 'wayland-0', 'ROS_DISTRO': 'humble', 'LOGNAME': 'root', 'NAME': 'DESKTOP-FUPJPMS', 'WSL_INTEROP': '/run/WSL/107_interop', 'PULSE_SERVER': 'unix:/mnt/wslg/PulseServer', '_': '/usr/bin/colcon', 'ROS_VERSION': '2', 'TERM': 'xterm-256color', 'LIBGL_ALWAYS_INDIRECT': '1', 'ROS_LOCALHOST_ONLY': '0', 'PATH': '/opt/ros/humble/bin:/usr/local/sbin:/usr/local/bin:/usr/sbin:/usr/bin:/sbin:/bin:/usr/games:/usr/local/games:/usr/lib/wsl/lib:/mnt/c/Program Files/WindowsApps/MicrosoftCorporationII.WindowsSubsystemForLinux_1.2.5.0_x64__8wekyb3d8bbwe:/mnt/c/Users/ADMINI~1/AppData/Roaming/MobaXterm/slash/bin:/mnt/c/Windows/:/mnt/c/Windows/system32/:/mnt/c/ProgramData/Oracle/Java/javapath:/mnt/c/Windows/system32:/mnt/c/Windows:/mnt/c/Windows/System32/Wbem:/mnt/c/Windows/System32/WindowsPowerShell/v1.0/:/mnt/c/Program Files (x86)/Intel/Intel(R) Management Engine Components/DAL:/mnt/c/Program Files/Intel/Intel(R) Management Engine Components/DAL:/mnt/c/Program Files/Git/cmd:/mnt/c/Program Files/nodejs/:/mnt/c/Program Files/Docker/Docker/resources/bin:/mnt/c/Users/Administrator/AppData/Local/Programs/Python/Python310/Scripts/:/mnt/c/Users/Administrator/AppData/Local/Programs/Python/Python310/:/mnt/c/Users/Administrator/AppData/Local/Microsoft/WindowsApps:/mnt/c/Program Files/JetBrains/IntelliJ IDEA Community Edition 2022.3.2/bin:/mnt/c/Users/Administrator/AppData/Roaming/npm:/mnt/c/Program Files/ffmpeg-2023-03-05-git-912ac82a3c-full_build/bin:/mnt/c/Users/Administrator/AppData/Local/Programs/Microsoft VS Code/bin:/mnt/c/Users/Administrator/.jdks/openjdk-19.0.2/bin:/mnt/c/Program Files/Maven/apache-maven-3.9.1/bin:/mnt/c/Program Files/JetBrains/IntelliJ IDEA Community Edition 2022.3.2/bin:/mnt/c/Program Files/MongoDB/Server/6.0/bin:/mnt/c/Windows/sysnative/:/snap/bin', 'XDG_RUNTIME_DIR': '/mnt/wslg/runtime-dir', 'DISPLAY': 'localhost:11.0', 'LANG': 'en_US.UTF-8', 'LS_COLORS': 'rs=0:di=01;34:ln=01;36:mh=00:pi=40;33:so=01;35:do=01;35:bd=40;33;01:cd=40;33;01:or=40;31;01:mi=00:su=37;41:sg=30;43:ca=30;41:tw=30;42:ow=34;42:st=37;44:ex=01;32:*.tar=01;31:*.tgz=01;31:*.arc=01;31:*.arj=01;31:*.taz=01;31:*.lha=01;31:*.lz4=01;31:*.lzh=01;31:*.lzma=01;31:*.tlz=01;31:*.txz=01;31:*.tzo=01;31:*.t7z=01;31:*.zip=01;31:*.z=01;31:*.dz=01;31:*.gz=01;31:*.lrz=01;31:*.lz=01;31:*.lzo=01;31:*.xz=01;31:*.zst=01;31:*.tzst=01;31:*.bz2=01;31:*.bz=01;31:*.tbz=01;31:*.tbz2=01;31:*.tz=01;31:*.deb=01;31:*.rpm=01;31:*.jar=01;31:*.war=01;31:*.ear=01;31:*.sar=01;31:*.rar=01;31:*.alz=01;31:*.ace=01;31:*.zoo=01;31:*.cpio=01;31:*.7z=01;31:*.rz=01;31:*.cab=01;31:*.wim=01;31:*.swm=01;31:*.dwm=01;31:*.esd=01;31:*.jpg=01;35:*.jpeg=01;35:*.mjpg=01;35:*.mjpeg=01;35:*.gif=01;35:*.bmp=01;35:*.pbm=01;35:*.pgm=01;35:*.ppm=01;35:*.tga=01;35:*.xbm=01;35:*.xpm=01;35:*.tif=01;35:*.tiff=01;35:*.png=01;35:*.svg=01;35:*.svgz=01;35:*.mng=01;35:*.pcx=01;35:*.mov=01;35:*.mpg=01;35:*.mpeg=01;35:*.m2v=01;35:*.mkv=01;35:*.webm=01;35:*.webp=01;35:*.ogm=01;35:*.mp4=01;35:*.m4v=01;35:*.mp4v=01;35:*.vob=01;35:*.qt=01;35:*.nuv=01;35:*.wmv=01;35:*.asf=01;35:*.rm=01;35:*.rmvb=01;35:*.flc=01;35:*.avi=01;35:*.fli=01;35:*.flv=01;35:*.gl=01;35:*.dl=01;35:*.xcf=01;35:*.xwd=01;35:*.yuv=01;35:*.cgm=01;35:*.emf=01;35:*.ogv=01;35:*.ogx=01;35:*.aac=00;36:*.au=00;36:*.flac=00;36:*.m4a=00;36:*.mid=00;36:*.midi=00;36:*.mka=00;36:*.mp3=00;36:*.mpc=00;36:*.ogg=00;36:*.ra=00;36:*.wav=00;36:*.oga=00;36:*.opus=00;36:*.spx=00;36:*.xspf=00;36:', 'AMENT_PREFIX_PATH': '/opt/ros/humble', 'SHELL': '/bin/bash', 'LESSCLOSE': '/usr/bin/lesspipe %s %s', 'PWD': '/home/ros2_ws/build/my_py_pkg', 'SSH_CONNECTION': '127.0.0.1 45928 127.0.0.1 22005', 'XDG_DATA_DIRS': '/usr/local/share:/usr/share:/var/lib/snapd/desktop', 'PYTHONPATH': '/home/ros2_ws/build/my_py_pkg/prefix_override:/home/ros2_ws/install/my_py_pkg/lib/python3.10/site-packages:/opt/ros/humble/lib/python3.10/site-packages:/opt/ros/humble/local/lib/python3.10/dist-packages', 'COLCON': '1', 'WSL2_GUI_APPS_ENABLED': '1', 'HOSTTYPE': 'x86_64', 'WSLENV': ''}, 'shell': False}
[0.700557] (-) TimerEvent: {}
[0.800809] (-) TimerEvent: {}
[0.901146] (-) TimerEvent: {}
[0.912795] (my_py_pkg) StdoutLine: {'line': b'running egg_info\n'}
[0.913450] (my_py_pkg) StdoutLine: {'line': b'writing ../../build/my_py_pkg/my_py_pkg.egg-info/PKG-INFO\n'}
[0.913883] (my_py_pkg) StdoutLine: {'line': b'writing dependency_links to ../../build/my_py_pkg/my_py_pkg.egg-info/dependency_links.txt\n'}
[0.914122] (my_py_pkg) StdoutLine: {'line': b'writing entry points to ../../build/my_py_pkg/my_py_pkg.egg-info/entry_points.txt\n'}
[0.914268] (my_py_pkg) StdoutLine: {'line': b'writing requirements to ../../build/my_py_pkg/my_py_pkg.egg-info/requires.txt\n'}
[0.914398] (my_py_pkg) StdoutLine: {'line': b'writing top-level names to ../../build/my_py_pkg/my_py_pkg.egg-info/top_level.txt\n'}
[0.916391] (my_py_pkg) StdoutLine: {'line': b"reading manifest file '../../build/my_py_pkg/my_py_pkg.egg-info/SOURCES.txt'\n"}
[0.917443] (my_py_pkg) StdoutLine: {'line': b"writing manifest file '../../build/my_py_pkg/my_py_pkg.egg-info/SOURCES.txt'\n"}
[0.917598] (my_py_pkg) StdoutLine: {'line': b'running build\n'}
[0.917687] (my_py_pkg) StdoutLine: {'line': b'running build_py\n'}
[0.918608] (my_py_pkg) StdoutLine: {'line': b'running install\n'}
[0.919028] (my_py_pkg) StdoutLine: {'line': b'running install_lib\n'}
[0.920726] (my_py_pkg) StdoutLine: {'line': b'running install_data\n'}
[0.922226] (my_py_pkg) StdoutLine: {'line': b'running install_egg_info\n'}
[0.923631] (my_py_pkg) StdoutLine: {'line': b"removing '/home/ros2_ws/install/my_py_pkg/lib/python3.10/site-packages/my_py_pkg-0.0.0-py3.10.egg-info' (and everything under it)\n"}
[0.924172] (my_py_pkg) StdoutLine: {'line': b'Copying ../../build/my_py_pkg/my_py_pkg.egg-info to /home/ros2_ws/install/my_py_pkg/lib/python3.10/site-packages/my_py_pkg-0.0.0-py3.10.egg-info\n'}
[0.925599] (my_py_pkg) StdoutLine: {'line': b'running install_scripts\n'}
[0.946882] (my_py_pkg) StdoutLine: {'line': b"writing list of installed files to '/home/ros2_ws/build/my_py_pkg/install.log'\n"}
[0.973176] (my_py_pkg) CommandEnded: {'returncode': 0}
[0.996011] (my_py_pkg) JobEnded: {'identifier': 'my_py_pkg', 'rc': 0}
[1.001347] (-) TimerEvent: {}
[1.101785] (-) TimerEvent: {}
[1.153880] (my_cpp_pkg) StdoutLine: {'line': b'-- The CXX compiler identification is GNU 11.3.0\n'}
[1.201956] (-) TimerEvent: {}
[1.302340] (-) TimerEvent: {}
[1.402781] (-) TimerEvent: {}
[1.503213] (-) TimerEvent: {}
[1.603736] (-) TimerEvent: {}
[1.680413] (my_cpp_pkg) StdoutLine: {'line': b'-- Detecting C compiler ABI info\n'}
[1.703906] (-) TimerEvent: {}
[1.804219] (-) TimerEvent: {}
[1.900800] (my_cpp_pkg) StdoutLine: {'line': b'-- Detecting C compiler ABI info - done\n'}
[1.904326] (-) TimerEvent: {}
[1.907109] (my_cpp_pkg) StdoutLine: {'line': b'-- Check for working C compiler: /usr/bin/cc - skipped\n'}
[1.908213] (my_cpp_pkg) StdoutLine: {'line': b'-- Detecting C compile features\n'}
[1.909244] (my_cpp_pkg) StdoutLine: {'line': b'-- Detecting C compile features - done\n'}
[1.913168] (my_cpp_pkg) StdoutLine: {'line': b'-- Detecting CXX compiler ABI info\n'}
[2.004558] (-) TimerEvent: {}
[2.105094] (-) TimerEvent: {}
[2.125643] (my_cpp_pkg) StdoutLine: {'line': b'-- Detecting CXX compiler ABI info - done\n'}
[2.132134] (my_cpp_pkg) StdoutLine: {'line': b'-- Check for working CXX compiler: /usr/bin/c++ - skipped\n'}
[2.132386] (my_cpp_pkg) StdoutLine: {'line': b'-- Detecting CXX compile features\n'}
[2.132933] (my_cpp_pkg) StdoutLine: {'line': b'-- Detecting CXX compile features - done\n'}
[2.144101] (my_cpp_pkg) StdoutLine: {'line': b'-- Found ament_cmake: 1.3.5 (/opt/ros/humble/share/ament_cmake/cmake)\n'}
[2.205233] (-) TimerEvent: {}
[2.287558] (my_cpp_pkg) StdoutLine: {'line': b'-- Found Python3: /usr/bin/python3.10 (found version "3.10.6") found components: Interpreter \n'}
[2.305426] (-) TimerEvent: {}
[2.405813] (-) TimerEvent: {}
[2.407330] (my_cpp_pkg) StdoutLine: {'line': b'-- Found rclcpp: 16.0.4 (/opt/ros/humble/share/rclcpp/cmake)\n'}
[2.506003] (-) TimerEvent: {}
[2.606393] (-) TimerEvent: {}
[2.657120] (my_cpp_pkg) StdoutLine: {'line': b'-- Found rosidl_generator_c: 3.1.4 (/opt/ros/humble/share/rosidl_generator_c/cmake)\n'}
[2.665989] (my_cpp_pkg) StdoutLine: {'line': b'-- Found rosidl_adapter: 3.1.4 (/opt/ros/humble/share/rosidl_adapter/cmake)\n'}
[2.681196] (my_cpp_pkg) StdoutLine: {'line': b'-- Found rosidl_generator_cpp: 3.1.4 (/opt/ros/humble/share/rosidl_generator_cpp/cmake)\n'}
[2.705054] (my_cpp_pkg) StdoutLine: {'line': b'-- Using all available rosidl_typesupport_c: rosidl_typesupport_fastrtps_c;rosidl_typesupport_introspection_c\n'}
[2.706498] (-) TimerEvent: {}
[2.734242] (my_cpp_pkg) StdoutLine: {'line': b'-- Using all available rosidl_typesupport_cpp: rosidl_typesupport_fastrtps_cpp;rosidl_typesupport_introspection_cpp\n'}
[2.806664] (-) TimerEvent: {}
[2.838877] (my_cpp_pkg) StdoutLine: {'line': b'-- Found rmw_implementation_cmake: 6.1.1 (/opt/ros/humble/share/rmw_implementation_cmake/cmake)\n'}
[2.844521] (my_cpp_pkg) StdoutLine: {'line': b'-- Found rmw_fastrtps_cpp: 6.2.2 (/opt/ros/humble/share/rmw_fastrtps_cpp/cmake)\n'}
[2.906799] (-) TimerEvent: {}
[3.007158] (-) TimerEvent: {}
[3.107579] (-) TimerEvent: {}
[3.208211] (-) TimerEvent: {}
[3.308948] (-) TimerEvent: {}
[3.409380] (-) TimerEvent: {}
[3.509834] (-) TimerEvent: {}
[3.610195] (-) TimerEvent: {}
[3.710629] (-) TimerEvent: {}
[3.811163] (-) TimerEvent: {}
[3.911607] (-) TimerEvent: {}
[4.012035] (-) TimerEvent: {}
[4.112516] (-) TimerEvent: {}
[4.212970] (-) TimerEvent: {}
[4.313439] (-) TimerEvent: {}
[4.413889] (-) TimerEvent: {}
[4.514348] (-) TimerEvent: {}
[4.614828] (-) TimerEvent: {}
[4.715240] (-) TimerEvent: {}
[4.718627] (my_cpp_pkg) StdoutLine: {'line': b'-- Found OpenSSL: /usr/lib/x86_64-linux-gnu/libcrypto.so (found version "3.0.2")  \n'}
[4.815429] (-) TimerEvent: {}
[4.915832] (-) TimerEvent: {}
[5.016224] (-) TimerEvent: {}
[5.116824] (-) TimerEvent: {}
[5.217292] (-) TimerEvent: {}
[5.317734] (-) TimerEvent: {}
[5.418163] (-) TimerEvent: {}
[5.518488] (-) TimerEvent: {}
[5.618818] (-) TimerEvent: {}
[5.719192] (-) TimerEvent: {}
[5.819580] (-) TimerEvent: {}
[5.919999] (-) TimerEvent: {}
[6.020429] (-) TimerEvent: {}
[6.120856] (-) TimerEvent: {}
[6.221349] (-) TimerEvent: {}
[6.321758] (-) TimerEvent: {}
[6.422118] (-) TimerEvent: {}
[6.522668] (-) TimerEvent: {}
[6.623326] (-) TimerEvent: {}
[6.723918] (-) TimerEvent: {}
[6.806266] (my_cpp_pkg) StdoutLine: {'line': b'-- Found FastRTPS: /opt/ros/humble/include  \n'}
[6.824060] (-) TimerEvent: {}
[6.924441] (-) TimerEvent: {}
[7.024874] (-) TimerEvent: {}
[7.125380] (-) TimerEvent: {}
[7.225779] (-) TimerEvent: {}
[7.326152] (-) TimerEvent: {}
[7.426570] (-) TimerEvent: {}
[7.526909] (-) TimerEvent: {}
[7.627273] (-) TimerEvent: {}
[7.727685] (-) TimerEvent: {}
[7.828042] (-) TimerEvent: {}
[7.928460] (-) TimerEvent: {}
[7.971832] (my_cpp_pkg) CommandEnded: {'returncode': -2}
[7.978530] (my_cpp_pkg) StderrLine: {'line': b'Traceback (most recent call last):\n  File "/usr/lib/python3/dist-packages/colcon_parallel_executor/executor/parallel.py", line 67, in execute\n    loop.run_until_complete(future)\n  File "/usr/lib/python3.10/asyncio/base_events.py", line 633, in run_until_complete\n    self.run_forever()\n  File "/usr/lib/python3.10/asyncio/base_events.py", line 600, in run_forever\n    self._run_once()\n  File "/usr/lib/python3.10/asyncio/base_events.py", line 1860, in _run_once\n    event_list = self._selector.select(timeout)\n  File "/usr/lib/python3.10/selectors.py", line 469, in select\n    fd_event_list = self._selector.poll(timeout, max_ev)\nKeyboardInterrupt\n\nDuring handling of the above exception, another exception occurred:\n\nTraceback (most recent call last):\n  File "/usr/lib/python3/dist-packages/colcon_core/executor/__init__.py", line 91, in __call__\n    rc = await self.task(*args, **kwargs)\n  File "/usr/lib/python3/dist-packages/colcon_core/task/__init__.py", line 93, in __call__\n    return await task_method(*args, **kwargs)\n  File "/usr/lib/python3/dist-packages/colcon_ros/task/ament_cmake/build.py", line 59, in build\n    rc = await extension.build(\n  File "/usr/lib/python3/dist-packages/colcon_cmake/task/cmake/build.py", line 87, in build\n    rc = await self._reconfigure(args, env)\n  File "/usr/lib/python3/dist-packages/colcon_cmake/task/cmake/build.py", line 182, in _reconfigure\n    buildfile = get_buildfile(cmake_cache)\n  File "/usr/lib/python3/dist-packages/colcon_cmake/task/cmake/__init__.py", line 112, in get_buildfile\n    if \'Ninja\' in generator:\nTypeError: argument of type \'NoneType\' is not iterable\n'}
[7.978661] (my_cpp_pkg) JobEnded: {'identifier': 'my_cpp_pkg', 'rc': 'SIGINT'}
[7.990722] (-) EventReactorShutdown: {}
