[0.019s] Invoking command in '/home/ros2_ws/build/my_cpp_pkg': CMAKE_PREFIX_PATH=/opt/ros/humble /usr/bin/cmake /home/ros2_ws/src/my_cpp_pkg -DCMAKE_INSTALL_PREFIX=/home/ros2_ws/install/my_cpp_pkg
[0.272s] -- The C compiler identification is GNU 11.3.0
[1.465s] -- The CXX compiler identification is GNU 11.3.0
[3.143s] -- Detecting C compiler ABI info
[3.652s] -- Detecting C compiler ABI info - done
[3.661s] -- Check for working C compiler: /usr/bin/cc - skipped
[3.661s] -- Detecting C compile features
[3.661s] -- Detecting C compile features - done
[3.664s] -- Detecting CXX compiler ABI info
[4.170s] -- Detecting CXX compiler ABI info - done
[4.178s] -- Check for working CXX compiler: /usr/bin/c++ - skipped
[4.178s] -- Detecting CXX compile features
[4.179s] -- Detecting CXX compile features - done
[4.180s] -- Found ament_cmake: 1.3.5 (/opt/ros/humble/share/ament_cmake/cmake)
[4.332s] -- Found Python3: /usr/bin/python3.10 (found version "3.10.6") found components: Interpreter 
[4.411s] -- Found rclcpp: 16.0.4 (/opt/ros/humble/share/rclcpp/cmake)
[5.020s] -- Found rosidl_generator_c: 3.1.4 (/opt/ros/humble/share/rosidl_generator_c/cmake)
[5.029s] -- Found rosidl_adapter: 3.1.4 (/opt/ros/humble/share/rosidl_adapter/cmake)
[5.050s] -- Found rosidl_generator_cpp: 3.1.4 (/opt/ros/humble/share/rosidl_generator_cpp/cmake)
[5.082s] -- Using all available rosidl_typesupport_c: rosidl_typesupport_fastrtps_c;rosidl_typesupport_introspection_c
[5.104s] -- Using all available rosidl_typesupport_cpp: rosidl_typesupport_fastrtps_cpp;rosidl_typesupport_introspection_cpp
[5.166s] -- Found rmw_implementation_cmake: 6.1.1 (/opt/ros/humble/share/rmw_implementation_cmake/cmake)
[5.168s] -- Found rmw_fastrtps_cpp: 6.2.2 (/opt/ros/humble/share/rmw_fastrtps_cpp/cmake)
[10.910s] -- Found OpenSSL: /usr/lib/x86_64-linux-gnu/libcrypto.so (found version "3.0.2")  
[17.566s] -- Found FastRTPS: /opt/ros/humble/include  
[30.021s] -- Using RMW implementation 'rmw_fastrtps_cpp' as default
[30.038s] -- Looking for pthread.h
[30.630s] -- Looking for pthread.h - found
[30.630s] -- Performing Test CMAKE_HAVE_LIBC_PTHREAD
[31.146s] -- Performing Test CMAKE_HAVE_LIBC_PTHREAD - Success
[31.148s] -- Found Threads: TRUE  
[31.474s] -- Found ament_lint_auto: 0.12.6 (/opt/ros/humble/share/ament_lint_auto/cmake)
[31.543s] Invoked command in '/home/ros2_ws/build/my_cpp_pkg' returned '-2': CMAKE_PREFIX_PATH=/opt/ros/humble /usr/bin/cmake /home/ros2_ws/src/my_cpp_pkg -DCMAKE_INSTALL_PREFIX=/home/ros2_ws/install/my_cpp_pkg
[31.544s] Traceback (most recent call last):
  File "/usr/lib/python3/dist-packages/colcon_parallel_executor/executor/parallel.py", line 67, in execute
    loop.run_until_complete(future)
  File "/usr/lib/python3.10/asyncio/base_events.py", line 633, in run_until_complete
    self.run_forever()
  File "/usr/lib/python3.10/asyncio/base_events.py", line 600, in run_forever
    self._run_once()
  File "/usr/lib/python3.10/asyncio/base_events.py", line 1860, in _run_once
    event_list = self._selector.select(timeout)
  File "/usr/lib/python3.10/selectors.py", line 469, in select
    fd_event_list = self._selector.poll(timeout, max_ev)
KeyboardInterrupt

During handling of the above exception, another exception occurred:

Traceback (most recent call last):
  File "/usr/lib/python3/dist-packages/colcon_core/executor/__init__.py", line 91, in __call__
    rc = await self.task(*args, **kwargs)
  File "/usr/lib/python3/dist-packages/colcon_core/task/__init__.py", line 93, in __call__
    return await task_method(*args, **kwargs)
  File "/usr/lib/python3/dist-packages/colcon_ros/task/ament_cmake/build.py", line 59, in build
    rc = await extension.build(
  File "/usr/lib/python3/dist-packages/colcon_cmake/task/cmake/build.py", line 87, in build
    rc = await self._reconfigure(args, env)
  File "/usr/lib/python3/dist-packages/colcon_cmake/task/cmake/build.py", line 182, in _reconfigure
    buildfile = get_buildfile(cmake_cache)
  File "/usr/lib/python3/dist-packages/colcon_cmake/task/cmake/__init__.py", line 112, in get_buildfile
    if 'Ninja' in generator:
TypeError: argument of type 'NoneType' is not iterable
