[0.011s] Invoking command in '/home/ros2_ws/build/my_cpp_pkg': CMAKE_PREFIX_PATH=${CMAKE_PREFIX_PATH}:/home/ros2_ws/install/my_py_pkg:/opt/ros/humble /usr/bin/cmake --build /home/ros2_ws/build/my_cpp_pkg -- -j2 -l2
[0.041s] -- Found ament_cmake: 1.3.5 (/opt/ros/humble/share/ament_cmake/cmake)
[0.185s] -- Found rclcpp: 16.0.4 (/opt/ros/humble/share/rclcpp/cmake)
[0.392s] -- Found rosidl_generator_c: 3.1.4 (/opt/ros/humble/share/rosidl_generator_c/cmake)
[0.399s] -- Found rosidl_adapter: 3.1.4 (/opt/ros/humble/share/rosidl_adapter/cmake)
[0.410s] -- Found rosidl_generator_cpp: 3.1.4 (/opt/ros/humble/share/rosidl_generator_cpp/cmake)
[0.430s] -- Using all available rosidl_typesupport_c: rosidl_typesupport_fastrtps_c;rosidl_typesupport_introspection_c
[0.452s] -- Using all available rosidl_typesupport_cpp: rosidl_typesupport_fastrtps_cpp;rosidl_typesupport_introspection_cpp
[0.528s] -- Found rmw_implementation_cmake: 6.1.1 (/opt/ros/humble/share/rmw_implementation_cmake/cmake)
[0.530s] -- Found rmw_fastrtps_cpp: 6.2.2 (/opt/ros/humble/share/rmw_fastrtps_cpp/cmake)
[8.223s] -- Using RMW implementation 'rmw_fastrtps_cpp' as default
[8.402s] -- Found example_interfaces: 0.9.3 (/opt/ros/humble/share/example_interfaces/cmake)
[8.596s] -- Configuring done
[8.614s] -- Generating done
[8.616s] -- Build files have been written to: /home/ros2_ws/build/my_cpp_pkg
[8.635s] [35m[1mConsolidate compiler generated dependencies of target robot_news_station[0m
[8.636s] [35m[1mConsolidate compiler generated dependencies of target cpp_node[0m
[8.649s] [ 75%] [32mBuilding CXX object CMakeFiles/robot_news_station.dir/src/robot_news_station.cpp.o[0m
[8.649s] [ 75%] Built target cpp_node
[10.767s] In file included from [01m[K/usr/include/c++/11/pstl/glue_algorithm_defs.h:13[m[K,
[10.767s]                  from [01m[K/usr/include/c++/11/algorithm:74[m[K,
[10.767s]                  from [01m[K/opt/ros/humble/include/rclcpp/rclcpp/executor.hpp:18[m[K,
[10.767s]                  from [01m[K/opt/ros/humble/include/rclcpp/rclcpp/executors/multi_threaded_executor.hpp:25[m[K,
[10.767s]                  from [01m[K/opt/ros/humble/include/rclcpp/rclcpp/executors.hpp:21[m[K,
[10.767s]                  from [01m[K/opt/ros/humble/include/rclcpp/rclcpp/rclcpp.hpp:155[m[K,
[10.767s]                  from [01m[K/home/ros2_ws/src/my_cpp_pkg/src/robot_news_station.cpp:1[m[K:
[10.767s] /usr/include/c++/11/functional: In instantiation of â€˜[01m[Kstruct std::_Bind_check_arity<void (RobotNewsStationNode::*)()>[m[Kâ€™:
[10.767s] [01m[K/usr/include/c++/11/functional:768:12:[m[K   required from â€˜[01m[Kstruct std::_Bind_helper<false, void (RobotNewsStationNode::*)()>[m[Kâ€™
[10.767s] [01m[K/usr/include/c++/11/functional:789:5:[m[K   required by substitution of â€˜[01m[Ktemplate<class _Func, class ... _BoundArgs> typename std::_Bind_helper<std::__is_socketlike<_Func>::value, _Func, _BoundArgs ...>::type std::bind(_Func&&, _BoundArgs&& ...) [with _Func = void (RobotNewsStationNode::*)(); _BoundArgs = {}][m[Kâ€™
[10.768s] [01m[K/home/ros2_ws/src/my_cpp_pkg/src/robot_news_station.cpp:10:77:[m[K   required from here
[10.768s] [01m[K/usr/include/c++/11/functional:756:21:[m[K [01;31m[Kerror: [m[Kstatic assertion failed: Wrong number of arguments for pointer-to-member
[10.768s]   755 |       static_assert(_Varargs::[01;31m[Kvalue[m[K
[10.768s]       |                               [01;31m[K~~~~~[m[K
[10.768s]   756 | [01;31m[K                    ? sizeof...(_BoundArgs) >= _Arity::value + 1[m[K
[10.768s]       |                     [01;31m[K^~~~~~~~~~~~~~~~~~~~~~~~~~~~~~~~~~~~~~~~~~~~[m[K
[10.768s]   757 | [01;31m[K                    : sizeof...(_BoundArgs) == _Arity::value + 1[m[K,
[10.768s]       |                     [01;31m[K~~~~~~~~~~~~~~~~~~~~~~~~~~~~~~~~~~~~~~~~~~~~[m[K
[10.768s] [01m[K/usr/include/c++/11/functional:756:21:[m[K [01;36m[Knote: [m[Kâ€˜[01m[K(false ? (0 >= (((long unsigned int)std::integral_constant<long unsigned int, 0>::value) + 1)) : (0 == (((long unsigned int)std::integral_constant<long unsigned int, 0>::value) + 1)))[m[Kâ€™ evaluates to false
[10.768s] /usr/include/c++/11/functional: In substitution of â€˜[01m[Ktemplate<class _Functor, class ... _Bound_args> template<class _Fn, class _CallArgs, class ... _BArgs> using _Res_type_impl = typename std::result_of<_Fn&(decltype (std::_Mu<typename std::remove_cv<_BArgs>::type, std::is_bind_expression<typename std::remove_cv<_BArgs>::type>::value, (std::is_placeholder<typename std::remove_cv<_BArgs>::type>::value > 0)>()(declval<_BArgs&>(), declval<_CallArgs&>()))&& ...)>::type [with _Fn = void (RobotNewsStationNode::*)(); _CallArgs = _CallArgs; _BArgs = {}; _Functor = void (RobotNewsStationNode::*)(); _Bound_args = {}][m[Kâ€™:
[10.768s] [01m[K/usr/include/c++/11/functional:468:8:[m[K   required from â€˜[01m[Kclass std::_Bind<void (RobotNewsStationNode::*())()>[m[Kâ€™
[10.768s] [01m[K/home/ros2_ws/src/my_cpp_pkg/src/robot_news_station.cpp:10:77:[m[K   required from here
[10.768s] [01m[K/usr/include/c++/11/functional:464:15:[m[K [01;31m[Kerror: [m[Kno type named â€˜[01m[Ktype[m[Kâ€™ in â€˜[01m[Kstruct std::result_of<void (RobotNewsStationNode::*&())()>[m[Kâ€™
[10.768s]   464 |         using [01;31m[K_Res_type_impl[m[K
[10.768s]       |               [01;31m[K^~~~~~~~~~~~~~[m[K
[10.768s] /usr/include/c++/11/functional: In substitution of â€˜[01m[Ktemplate<class _Functor, class ... _Bound_args> template<class _Fn, class _CallArgs, class ... _BArgs> using _Res_type_impl = typename std::result_of<_Fn&(decltype (std::_Mu<typename std::remove_cv<_BArgs>::type, std::is_bind_expression<typename std::remove_cv<_BArgs>::type>::value, (std::is_placeholder<typename std::remove_cv<_BArgs>::type>::value > 0)>()(declval<_BArgs&>(), declval<_CallArgs&>()))&& ...)>::type [with _Fn = void (RobotNewsStationNode::*)(); _CallArgs = std::tuple<_Tps ...>; _BArgs = {}; _Functor = void (RobotNewsStationNode::*)(); _Bound_args = {}][m[Kâ€™:
[10.769s] [01m[K/usr/include/c++/11/functional:468:8:[m[K   required by substitution of â€˜[01m[Ktemplate<class _Functor, class ... _Bound_args> template<class _CallArgs> using _Res_type = std::_Bind<_Functor(_Bound_args ...)>::_Res_type_impl<_Functor, _CallArgs, _Bound_args ...> [with _CallArgs = std::tuple<_Tps ...>; _Functor = void (RobotNewsStationNode::*)(); _Bound_args = {}][m[Kâ€™
[10.769s] [01m[K/usr/include/c++/11/functional:501:2:[m[K   required from â€˜[01m[Kclass std::_Bind<void (RobotNewsStationNode::*())()>[m[Kâ€™
[10.769s] [01m[K/home/ros2_ws/src/my_cpp_pkg/src/robot_news_station.cpp:10:77:[m[K   required from here
[10.769s] [01m[K/usr/include/c++/11/functional:464:15:[m[K [01;31m[Kerror: [m[Kno type named â€˜[01m[Ktype[m[Kâ€™ in â€˜[01m[Kstruct std::result_of<void (RobotNewsStationNode::*&())()>[m[Kâ€™
[10.769s] [01m[K/home/ros2_ws/src/my_cpp_pkg/src/robot_news_station.cpp:[m[K In constructor â€˜[01m[KRobotNewsStationNode::RobotNewsStationNode()[m[Kâ€™:
[10.769s] [01m[K/home/ros2_ws/src/my_cpp_pkg/src/robot_news_station.cpp:10:49:[m[K [01;31m[Kerror: [m[Kno matching function for call to â€˜[01m[KRobotNewsStationNode::create_wall_timer(std::chrono::milliseconds, std::_Bind_helper<false, void (RobotNewsStationNode::*)()>::type, RobotNewsStationNode*)[m[Kâ€™
[10.769s]    10 |                 timer_ = [01;31m[Kthis->create_wall_timer(std::chrono::milliseconds(500), std::bind(&RobotNewsStationNode::publishNews), this)[m[K;
[10.769s]       |                          [01;31m[K~~~~~~~~~~~~~~~~~~~~~~~^~~~~~~~~~~~~~~~~~~~~~~~~~~~~~~~~~~~~~~~~~~~~~~~~~~~~~~~~~~~~~~~~~~~~~~~~~~~~~~~~~~~~[m[K
[10.769s] In file included from [01m[K/opt/ros/humble/include/rclcpp/rclcpp/executors/single_threaded_executor.hpp:28[m[K,
[10.769s]                  from [01m[K/opt/ros/humble/include/rclcpp/rclcpp/executors.hpp:22[m[K,
[10.769s]                  from [01m[K/opt/ros/humble/include/rclcpp/rclcpp/rclcpp.hpp:155[m[K,
[10.769s]                  from [01m[K/home/ros2_ws/src/my_cpp_pkg/src/robot_news_station.cpp:1[m[K:
[10.769s] [01m[K/opt/ros/humble/include/rclcpp/rclcpp/node.hpp:238:3:[m[K [01;36m[Knote: [m[Kcandidate: â€˜[01m[Ktemplate<class DurationRepT, class DurationT, class CallbackT> typename rclcpp::WallTimer<CallbackT>::SharedPtr rclcpp::Node::create_wall_timer(std::chrono::duration<_Rep1, _Period1>, CallbackT, rclcpp::CallbackGroup::SharedPtr)[m[Kâ€™
[10.769s]   238 |   [01;36m[Kcreate_wall_timer[m[K(
[10.769s]       |   [01;36m[K^~~~~~~~~~~~~~~~~[m[K
[10.769s] [01m[K/opt/ros/humble/include/rclcpp/rclcpp/node.hpp:238:3:[m[K [01;36m[Knote: [m[K  template argument deduction/substitution failed:
[10.769s] [01m[K/home/ros2_ws/src/my_cpp_pkg/src/robot_news_station.cpp:10:129:[m[K [01;36m[Knote: [m[K  cannot convert â€˜[01m[K(RobotNewsStationNode*)this[m[Kâ€™ (type â€˜[01m[KRobotNewsStationNode*[m[Kâ€™) to type â€˜[01m[Krclcpp::CallbackGroup::SharedPtr[m[Kâ€™ {aka â€˜[01m[Kstd::shared_ptr<rclcpp::CallbackGroup>[m[Kâ€™}
[10.769s]    10 |                 timer_ = this->create_wall_timer(std::chrono::milliseconds(500), std::bind(&RobotNewsStationNode::publishNews), [01;36m[Kthis[m[K);
[10.769s]       |                                                                                                                                 [01;36m[K^~~~[m[K
[11.664s] gmake[2]: *** [CMakeFiles/robot_news_station.dir/build.make:76: CMakeFiles/robot_news_station.dir/src/robot_news_station.cpp.o] Error 1
[11.665s] gmake[1]: *** [CMakeFiles/Makefile2:165: CMakeFiles/robot_news_station.dir/all] Error 2
[11.665s] gmake: *** [Makefile:146: all] Error 2
[11.667s] Invoked command in '/home/ros2_ws/build/my_cpp_pkg' returned '2': CMAKE_PREFIX_PATH=${CMAKE_PREFIX_PATH}:/home/ros2_ws/install/my_py_pkg:/opt/ros/humble /usr/bin/cmake --build /home/ros2_ws/build/my_cpp_pkg -- -j2 -l2
