[0.025s] Invoking command in '/home/ros2_ws/build/my_cpp_pkg': CMAKE_PREFIX_PATH=${CMAKE_PREFIX_PATH}:/home/ros2_ws/install/my_py_pkg:/opt/ros/humble /usr/bin/cmake --build /home/ros2_ws/build/my_cpp_pkg -- -j2 -l2
[0.168s] -- Found ament_cmake: 1.3.5 (/opt/ros/humble/share/ament_cmake/cmake)
[0.350s] -- Found rclcpp: 16.0.4 (/opt/ros/humble/share/rclcpp/cmake)
[0.573s] -- Found rosidl_generator_c: 3.1.4 (/opt/ros/humble/share/rosidl_generator_c/cmake)
[0.578s] -- Found rosidl_adapter: 3.1.4 (/opt/ros/humble/share/rosidl_adapter/cmake)
[0.592s] -- Found rosidl_generator_cpp: 3.1.4 (/opt/ros/humble/share/rosidl_generator_cpp/cmake)
[0.614s] -- Using all available rosidl_typesupport_c: rosidl_typesupport_fastrtps_c;rosidl_typesupport_introspection_c
[0.642s] -- Using all available rosidl_typesupport_cpp: rosidl_typesupport_fastrtps_cpp;rosidl_typesupport_introspection_cpp
[0.734s] -- Found rmw_implementation_cmake: 6.1.1 (/opt/ros/humble/share/rmw_implementation_cmake/cmake)
[0.739s] -- Found rmw_fastrtps_cpp: 6.2.2 (/opt/ros/humble/share/rmw_fastrtps_cpp/cmake)
[9.567s] -- Using RMW implementation 'rmw_fastrtps_cpp' as default
[9.764s] -- Found example_interfaces: 0.9.3 (/opt/ros/humble/share/example_interfaces/cmake)
[10.013s] -- Configuring done
[10.059s] -- Generating done
[10.061s] -- Build files have been written to: /home/ros2_ws/build/my_cpp_pkg
[10.087s] [35m[1mConsolidate compiler generated dependencies of target cpp_node[0m
[10.087s] [35m[1mConsolidate compiler generated dependencies of target robot_news_station[0m
[10.146s] [ 30%] Built target cpp_node
[10.146s] [ 40%] Built target robot_news_station
[10.155s] [35m[1mConsolidate compiler generated dependencies of target smartphone[0m
[10.156s] [35m[1mConsolidate compiler generated dependencies of target add_two_ints_server[0m
[10.171s] [ 60%] Built target smartphone
[10.172s] [ 80%] Built target add_two_ints_server
[10.186s] [ 90%] [32mBuilding CXX object CMakeFiles/add_two_ints_client.dir/src/add_two_ints_client.cpp.o[0m
[12.708s] [01m[K/home/ros2_ws/src/my_cpp_pkg/src/add_two_ints_client.cpp:[m[K In member function â€˜[01m[Kvoid AddTwoIntsClientNode::callAddTwoIntsService(int, int)[m[Kâ€™:
[12.708s] [01m[K/home/ros2_ws/src/my_cpp_pkg/src/add_two_ints_client.cpp:13:51:[m[K [01;31m[Kerror: [m[Kâ€˜[01m[Kexample_interfaces[m[Kâ€™ was not declared in this scope; did you mean â€˜[01m[Krcl_interfaces[m[Kâ€™?
[12.708s]    13 |                 auto client = this->create_client<[01;31m[Kexample_interfaces[m[K::srv::AddTwoInts>("add_two_ints");
[12.708s]       |                                                   [01;31m[K^~~~~~~~~~~~~~~~~~[m[K
[12.708s]       |                                                   [32m[Krcl_interfaces[m[K
[12.708s] [01m[K/home/ros2_ws/src/my_cpp_pkg/src/add_two_ints_client.cpp:13:37:[m[K [01;31m[Kerror: [m[Kparse error in template argument list
[12.708s]    13 |                 auto client = this->[01;31m[Kcreate_client<example_interfaces::srv::AddTwoInts>[m[K("add_two_ints");
[12.708s]       |                                     [01;31m[K^~~~~~~~~~~~~~~~~~~~~~~~~~~~~~~~~~~~~~~~~~~~~~~~~~[m[K
[12.708s] [01m[K/home/ros2_ws/src/my_cpp_pkg/src/add_two_ints_client.cpp:13:87:[m[K [01;31m[Kerror: [m[Kno matching function for call to â€˜[01m[KAddTwoIntsClientNode::create_client<<expression error> >(const char [13])[m[Kâ€™
[12.708s]    13 |   auto client = [01;31m[Kthis->create_client<example_interfaces::srv::AddTwoInts>("add_two_ints")[m[K;
[12.708s]       |                 [01;31m[K~~~~~~~~~~~~~~~~~~~~~~~~~~~~~~~~~~~~~~~~~~~~~~~~~~~~~~~~^~~~~~~~~~~~~~~~[m[K
[12.708s] 
[12.709s] In file included from [01m[K/opt/ros/humble/include/rclcpp/rclcpp/executors/single_threaded_executor.hpp:28[m[K,
[12.709s]                  from [01m[K/opt/ros/humble/include/rclcpp/rclcpp/executors.hpp:22[m[K,
[12.709s]                  from [01m[K/opt/ros/humble/include/rclcpp/rclcpp/rclcpp.hpp:155[m[K,
[12.709s]                  from [01m[K/home/ros2_ws/src/my_cpp_pkg/src/add_two_ints_client.cpp:1[m[K:
[12.709s] [01m[K/opt/ros/humble/include/rclcpp/rclcpp/node.hpp:252:3:[m[K [01;36m[Knote: [m[Kcandidate: â€˜[01m[Ktemplate<class ServiceT> typename rclcpp::Client<ServiceT>::SharedPtr rclcpp::Node::create_client(const string&, const rmw_qos_profile_t&, rclcpp::CallbackGroup::SharedPtr)[m[Kâ€™
[12.709s]   252 |   [01;36m[Kcreate_client[m[K(
[12.709s]       |   [01;36m[K^~~~~~~~~~~~~[m[K
[12.709s] [01m[K/opt/ros/humble/include/rclcpp/rclcpp/node.hpp:252:3:[m[K [01;36m[Knote: [m[K  template argument deduction/substitution failed:
[12.709s] [01m[K/home/ros2_ws/src/my_cpp_pkg/src/add_two_ints_client.cpp:13:87:[m[K [01;31m[Kerror: [m[Ktemplate argument 1 is invalid
[12.710s]    13 |   auto client = [01;31m[Kthis->create_client<example_interfaces::srv::AddTwoInts>("add_two_ints")[m[K;
[12.710s]       |                 [01;31m[K~~~~~~~~~~~~~~~~~~~~~~~~~~~~~~~~~~~~~~~~~~~~~~~~~~~~~~~~^~~~~~~~~~~~~~~~[m[K
[12.710s] 
[12.710s] [01m[K/home/ros2_ws/src/my_cpp_pkg/src/add_two_ints_client.cpp:18:37:[m[K [01;31m[Kerror: [m[Kparse error in template argument list
[12.710s]    18 |                 auto request = std::[01;31m[Kmake_shared<example_interfaces::srv::AddTwoInts::Request>[m[K();
[12.710s]       |                                     [01;31m[K^~~~~~~~~~~~~~~~~~~~~~~~~~~~~~~~~~~~~~~~~~~~~~~~~~~~~~~~~[m[K
[12.710s] [01m[K/home/ros2_ws/src/my_cpp_pkg/src/add_two_ints_client.cpp:18:94:[m[K [01;31m[Kerror: [m[Kno matching function for call to â€˜[01m[Kmake_shared<example_interfaces>()[m[Kâ€™
[12.710s]    18 |    auto request = [01;31m[Kstd::make_shared<example_interfaces::srv::AddTwoInts::Request>()[m[K;
[12.710s]       |                   [01;31m[K~~~~~~~~~~~~~~~~~~~~~~~~~~~~~~~~~~~~~~~~~~~~~~~~~~~~~~~~~~~~~~^~[m[K
[12.710s] 
[12.710s] In file included from [01m[K/usr/include/c++/11/memory:77[m[K,
[12.710s]                  from [01m[K/opt/ros/humble/include/rclcpp/rclcpp/rclcpp.hpp:153[m[K,
[12.710s]                  from [01m[K/home/ros2_ws/src/my_cpp_pkg/src/add_two_ints_client.cpp:1[m[K:
[12.710s] [01m[K/usr/include/c++/11/bits/shared_ptr.h:875:5:[m[K [01;36m[Knote: [m[Kcandidate: â€˜[01m[Ktemplate<class _Tp, class ... _Args> std::shared_ptr<_Tp> std::make_shared(_Args&& ...)[m[Kâ€™
[12.710s]   875 |     [01;36m[Kmake_shared[m[K(_Args&&... __args)
[12.711s]       |     [01;36m[K^~~~~~~~~~~[m[K
[12.711s] [01m[K/usr/include/c++/11/bits/shared_ptr.h:875:5:[m[K [01;36m[Knote: [m[K  template argument deduction/substitution failed:
[13.494s] gmake[2]: *** [CMakeFiles/add_two_ints_client.dir/build.make:76: CMakeFiles/add_two_ints_client.dir/src/add_two_ints_client.cpp.o] Error 1
[13.494s] gmake[1]: *** [CMakeFiles/Makefile2:249: CMakeFiles/add_two_ints_client.dir/all] Error 2
[13.494s] gmake: *** [Makefile:146: all] Error 2
[13.496s] Invoked command in '/home/ros2_ws/build/my_cpp_pkg' returned '2': CMAKE_PREFIX_PATH=${CMAKE_PREFIX_PATH}:/home/ros2_ws/install/my_py_pkg:/opt/ros/humble /usr/bin/cmake --build /home/ros2_ws/build/my_cpp_pkg -- -j2 -l2
