[0.030s] Invoking command in '/home/ros2_ws/build/my_cpp_pkg': CMAKE_PREFIX_PATH=/opt/ros/humble /usr/bin/cmake /home/ros2_ws/src/my_cpp_pkg -DCMAKE_INSTALL_PREFIX=/home/ros2_ws/install/my_cpp_pkg
[0.380s] -- The C compiler identification is GNU 11.3.0
[1.154s] -- The CXX compiler identification is GNU 11.3.0
[1.680s] -- Detecting C compiler ABI info
[1.901s] -- Detecting C compiler ABI info - done
[1.907s] -- Check for working C compiler: /usr/bin/cc - skipped
[1.908s] -- Detecting C compile features
[1.909s] -- Detecting C compile features - done
[1.913s] -- Detecting CXX compiler ABI info
[2.126s] -- Detecting CXX compiler ABI info - done
[2.132s] -- Check for working CXX compiler: /usr/bin/c++ - skipped
[2.132s] -- Detecting CXX compile features
[2.133s] -- Detecting CXX compile features - done
[2.144s] -- Found ament_cmake: 1.3.5 (/opt/ros/humble/share/ament_cmake/cmake)
[2.287s] -- Found Python3: /usr/bin/python3.10 (found version "3.10.6") found components: Interpreter 
[2.407s] -- Found rclcpp: 16.0.4 (/opt/ros/humble/share/rclcpp/cmake)
[2.657s] -- Found rosidl_generator_c: 3.1.4 (/opt/ros/humble/share/rosidl_generator_c/cmake)
[2.666s] -- Found rosidl_adapter: 3.1.4 (/opt/ros/humble/share/rosidl_adapter/cmake)
[2.681s] -- Found rosidl_generator_cpp: 3.1.4 (/opt/ros/humble/share/rosidl_generator_cpp/cmake)
[2.705s] -- Using all available rosidl_typesupport_c: rosidl_typesupport_fastrtps_c;rosidl_typesupport_introspection_c
[2.734s] -- Using all available rosidl_typesupport_cpp: rosidl_typesupport_fastrtps_cpp;rosidl_typesupport_introspection_cpp
[2.839s] -- Found rmw_implementation_cmake: 6.1.1 (/opt/ros/humble/share/rmw_implementation_cmake/cmake)
[2.844s] -- Found rmw_fastrtps_cpp: 6.2.2 (/opt/ros/humble/share/rmw_fastrtps_cpp/cmake)
[4.718s] -- Found OpenSSL: /usr/lib/x86_64-linux-gnu/libcrypto.so (found version "3.0.2")  
[6.806s] -- Found FastRTPS: /opt/ros/humble/include  
[7.972s] Invoked command in '/home/ros2_ws/build/my_cpp_pkg' returned '-2': CMAKE_PREFIX_PATH=/opt/ros/humble /usr/bin/cmake /home/ros2_ws/src/my_cpp_pkg -DCMAKE_INSTALL_PREFIX=/home/ros2_ws/install/my_cpp_pkg
[7.978s] Traceback (most recent call last):
  File "/usr/lib/python3/dist-packages/colcon_parallel_executor/executor/parallel.py", line 67, in execute
    loop.run_until_complete(future)
  File "/usr/lib/python3.10/asyncio/base_events.py", line 633, in run_until_complete
    self.run_forever()
  File "/usr/lib/python3.10/asyncio/base_events.py", line 600, in run_forever
    self._run_once()
  File "/usr/lib/python3.10/asyncio/base_events.py", line 1860, in _run_once
    event_list = self._selector.select(timeout)
  File "/usr/lib/python3.10/selectors.py", line 469, in select
    fd_event_list = self._selector.poll(timeout, max_ev)
KeyboardInterrupt

During handling of the above exception, another exception occurred:

Traceback (most recent call last):
  File "/usr/lib/python3/dist-packages/colcon_core/executor/__init__.py", line 91, in __call__
    rc = await self.task(*args, **kwargs)
  File "/usr/lib/python3/dist-packages/colcon_core/task/__init__.py", line 93, in __call__
    return await task_method(*args, **kwargs)
  File "/usr/lib/python3/dist-packages/colcon_ros/task/ament_cmake/build.py", line 59, in build
    rc = await extension.build(
  File "/usr/lib/python3/dist-packages/colcon_cmake/task/cmake/build.py", line 87, in build
    rc = await self._reconfigure(args, env)
  File "/usr/lib/python3/dist-packages/colcon_cmake/task/cmake/build.py", line 182, in _reconfigure
    buildfile = get_buildfile(cmake_cache)
  File "/usr/lib/python3/dist-packages/colcon_cmake/task/cmake/__init__.py", line 112, in get_buildfile
    if 'Ninja' in generator:
TypeError: argument of type 'NoneType' is not iterable
